make .plots -f  Makefile /rigel/apam/users/hq2152/clawpack/geoclaw/src/2d/shallow/Makefile.geoclaw /rigel/apam/users/hq2152/clawpack/clawutil/src/Makefile.common
make[1]: Entering directory `/rigel/apam/users/hq2152/clawpack/geoclaw/examples/storm-surge/india/mumbai'
touch /rigel/apam/users/hq2152/clawpack/geoclaw/src/2d/shallow/qinit_module.mod; ifort -c -cpp /rigel/apam/users/hq2152/clawpack/geoclaw/src/2d/shallow/qinit_module.f90 -module /rigel/apam/users/hq2152/clawpack/geoclaw/src/2d/shallow   -I/rigel/apam/users/hq2152/clawpack/amrclaw/src/2d/ -I/rigel/apam/users/hq2152/clawpack/geoclaw/src/2d/shallow/ -I/rigel/apam/users/hq2152/clawpack/geoclaw/src/2d/shallow/multilayer/ -I/rigel/apam/users/hq2152/clawpack/geoclaw/src/2d/shallow/surge/ -L/rigel/apam/users/hq2152/clawpack/geoclaw/examples/storm-surge/india/mumbai/  -DNETCDF -lnetcdff -I/rigel/opt/netcdf-fortran-4.4.4/include -L/rigel/opt/netcdf-fortran-4.4.4/lib  -o /rigel/apam/users/hq2152/clawpack/geoclaw/src/2d/shallow/qinit_module.o
/rigel/apam/users/hq2152/clawpack/geoclaw/src/2d/shallow/qinit_module.f90(3): error #7013: This module file was not generated by any release of this compiler.   [AMR_MODULE]
    use amr_module, only: rinfinity
--------^
/rigel/apam/users/hq2152/clawpack/geoclaw/src/2d/shallow/qinit_module.f90(35): error #7013: This module file was not generated by any release of this compiler.   [GEOCLAW_MODULE]
        use geoclaw_module, only: GEO_PARM_UNIT
------------^
/rigel/apam/users/hq2152/clawpack/geoclaw/src/2d/shallow/qinit_module.f90(82): error #6580: Name in only-list does not exist.   [SEA_LEVEL]
        use geoclaw_module, only: sea_level, coordinate_system
----------------------------------^
/rigel/apam/users/hq2152/clawpack/geoclaw/src/2d/shallow/qinit_module.f90(82): error #6580: Name in only-list does not exist.   [COORDINATE_SYSTEM]
        use geoclaw_module, only: sea_level, coordinate_system
---------------------------------------------^
/rigel/apam/users/hq2152/clawpack/geoclaw/src/2d/shallow/qinit_module.f90(83): error #6580: Name in only-list does not exist.   [MCAPA]
        use amr_module, only: mcapa
------------------------------^
/rigel/apam/users/hq2152/clawpack/geoclaw/src/2d/shallow/qinit_module.f90(152): error #7013: This module file was not generated by any release of this compiler.   [GEOCLAW_MODULE]
        use geoclaw_module, only: GEO_PARM_UNIT
------------^
/rigel/apam/users/hq2152/clawpack/geoclaw/src/2d/shallow/qinit_module.f90(3): error #6580: Name in only-list does not exist.   [RINFINITY]
    use amr_module, only: rinfinity
--------------------------^
/rigel/apam/users/hq2152/clawpack/geoclaw/src/2d/shallow/qinit_module.f90(47): error #6406: Conflicting attributes or multiple declaration of name.   [GEO_PARM_UNIT]
            write(GEO_PARM_UNIT,*) ' '
------------------^
/rigel/apam/users/hq2152/clawpack/geoclaw/src/2d/shallow/qinit_module.f90(48): error #6406: Conflicting attributes or multiple declaration of name.   [GEO_PARM_UNIT]
            write(GEO_PARM_UNIT,*) '--------------------------------------------'
------------------^
/rigel/apam/users/hq2152/clawpack/geoclaw/src/2d/shallow/qinit_module.f90(49): error #6406: Conflicting attributes or multiple declaration of name.   [GEO_PARM_UNIT]
            write(GEO_PARM_UNIT,*) 'SETQINIT:'
------------------^
/rigel/apam/users/hq2152/clawpack/geoclaw/src/2d/shallow/qinit_module.f90(50): error #6406: Conflicting attributes or multiple declaration of name.   [GEO_PARM_UNIT]
            write(GEO_PARM_UNIT,*) '-------------'
------------------^
/rigel/apam/users/hq2152/clawpack/geoclaw/src/2d/shallow/qinit_module.f90(62): error #6406: Conflicting attributes or multiple declaration of name.   [GEO_PARM_UNIT]
                write(GEO_PARM_UNIT,*)  '  qinit_type = 0, no perturbation'
----------------------^
/rigel/apam/users/hq2152/clawpack/geoclaw/src/2d/shallow/qinit_module.f90(69): error #6406: Conflicting attributes or multiple declaration of name.   [GEO_PARM_UNIT]
            write(GEO_PARM_UNIT,*) '   min_level, max_level, qinit_fname:'
------------------^
/rigel/apam/users/hq2152/clawpack/geoclaw/src/2d/shallow/qinit_module.f90(70): error #6406: Conflicting attributes or multiple declaration of name.   [GEO_PARM_UNIT]
            write(GEO_PARM_UNIT,*)  min_level_qinit, max_level_qinit, qinit_fname
------------------^
/rigel/apam/users/hq2152/clawpack/geoclaw/src/2d/shallow/qinit_module.f90(35): error #6580: Name in only-list does not exist.   [GEO_PARM_UNIT]
        use geoclaw_module, only: GEO_PARM_UNIT
----------------------------------^
/rigel/apam/users/hq2152/clawpack/geoclaw/src/2d/shallow/qinit_module.f90(123): error #6404: This name does not have a type, and must have an explicit type.   [COORDINATE_SYSTEM]
                        if (coordinate_system == 2) then
----------------------------^
/rigel/apam/users/hq2152/clawpack/geoclaw/src/2d/shallow/qinit_module.f90(124): error #6404: This name does not have a type, and must have an explicit type.   [MCAPA]
                            dq = dq / ((xipc-ximc)*(yjpc-yjmc)*aux(mcapa,i,j))
-------------------------------------------------------------------^
/rigel/apam/users/hq2152/clawpack/geoclaw/src/2d/shallow/qinit_module.f90(130): error #6404: This name does not have a type, and must have an explicit type.   [SEA_LEVEL]
                            if (aux(1,i,j) <= sea_level) then
----------------------------------------------^
/rigel/apam/users/hq2152/clawpack/geoclaw/src/2d/shallow/qinit_module.f90(168): error #6406: Conflicting attributes or multiple declaration of name.   [GEO_PARM_UNIT]
        write(GEO_PARM_UNIT,*) '  '
--------------^
/rigel/apam/users/hq2152/clawpack/geoclaw/src/2d/shallow/qinit_module.f90(169): error #6406: Conflicting attributes or multiple declaration of name.   [GEO_PARM_UNIT]
        write(GEO_PARM_UNIT,*) 'Reading qinit data from'
--------------^
/rigel/apam/users/hq2152/clawpack/geoclaw/src/2d/shallow/qinit_module.f90(170): error #6406: Conflicting attributes or multiple declaration of name.   [GEO_PARM_UNIT]
        write(GEO_PARM_UNIT,*) fname
--------------^
/rigel/apam/users/hq2152/clawpack/geoclaw/src/2d/shallow/qinit_module.f90(171): error #6406: Conflicting attributes or multiple declaration of name.   [GEO_PARM_UNIT]
        write(GEO_PARM_UNIT,*) '  '
--------------^
/rigel/apam/users/hq2152/clawpack/geoclaw/src/2d/shallow/qinit_module.f90(152): error #6580: Name in only-list does not exist.   [GEO_PARM_UNIT]
        use geoclaw_module, only: GEO_PARM_UNIT
----------------------------------^
compilation aborted for /rigel/apam/users/hq2152/clawpack/geoclaw/src/2d/shallow/qinit_module.f90 (code 1)
make[1]: *** [/rigel/apam/users/hq2152/clawpack/geoclaw/src/2d/shallow/qinit_module.mod] Error 1
make[1]: Leaving directory `/rigel/apam/users/hq2152/clawpack/geoclaw/examples/storm-surge/india/mumbai'
make: *** [all] Error 2
