make .plots -f  Makefile /rigel/apam/users/hq2152/clawpack/geoclaw/src/2d/shallow/Makefile.geoclaw /rigel/apam/users/hq2152/clawpack/clawutil/src/Makefile.common
make[1]: Entering directory `/rigel/apam/users/hq2152/clawpack/geoclaw/examples/storm-surge/india/mumbai'
make output -f  Makefile /rigel/apam/users/hq2152/clawpack/geoclaw/src/2d/shallow/Makefile.geoclaw /rigel/apam/users/hq2152/clawpack/clawutil/src/Makefile.common
make[2]: Entering directory `/rigel/apam/users/hq2152/clawpack/geoclaw/examples/storm-surge/india/mumbai'
rm -f .output
python /rigel/apam/users/hq2152/clawpack/clawutil/src/python/clawutil/runclaw.py xgeoclaw                  _output                \
True None . False False None
==> runclaw: Will take data from  /rigel/apam/users/hq2152/clawpack/geoclaw/examples/storm-surge/india/mumbai
==> runclaw: Will write output to  /rigel/apam/users/hq2152/clawpack/geoclaw/examples/storm-surge/india/mumbai/_output
==> runclaw: Removing all old fort/gauge files in  /rigel/apam/users/hq2152/clawpack/geoclaw/examples/storm-surge/india/mumbai/_output
Traceback (most recent call last):
  File "/rigel/apam/users/hq2152/clawpack/clawutil/src/python/clawutil/runclaw.py", line 343, in <module>
    runclaw(*args)
  File "/rigel/apam/users/hq2152/clawpack/clawutil/src/python/clawutil/runclaw.py", line 178, in runclaw
    os.remove(file)
FileNotFoundError: [Errno 2] No such file or directory: '/rigel/apam/users/hq2152/clawpack/geoclaw/examples/storm-surge/india/mumbai/_output/fort.amr'
make[2]: *** [output] Error 1
make[2]: Leaving directory `/rigel/apam/users/hq2152/clawpack/geoclaw/examples/storm-surge/india/mumbai'
make[1]: *** [.output] Error 2
make[1]: Leaving directory `/rigel/apam/users/hq2152/clawpack/geoclaw/examples/storm-surge/india/mumbai'
make: *** [all] Error 2
